<?xml version="1.0" encoding="UTF-8"?>
<testng-results ignored="0" total="1" passed="1" failed="0" skipped="0">
  <reporter-output>
  </reporter-output>
  <suite started-at="2024-10-10T08:22:45 PST" name="Login Page Tests" finished-at="2024-10-10T08:22:52 PST" duration-ms="7103">
    <groups>
    </groups>
    <test started-at="2024-10-10T08:22:45 PST" name="Functional Testing" finished-at="2024-10-10T08:22:52 PST" duration-ms="7103">
      <class name="all_ui.LoginTestCases">
        <test-method signature="testLogin()[pri:0, instance:all_ui.LoginTestCases@1c1bbc4e]" started-at="2024-10-10T08:22:45 PST" name="testLogin" description="Verify that the user is successfully logged in." finished-at="2024-10-10T08:22:52 PST" duration-ms="7038" status="PASS">
          <reporter-output>
          </reporter-output>
        </test-method> <!-- testLogin -->
      </class> <!-- all_ui.LoginTestCases -->
    </test> <!-- Functional Testing -->
  </suite> <!-- Login Page Tests -->
</testng-results>
